#
# There is insufficient memory for the Java Runtime Environment to continue.
# Native memory allocation (mmap) failed to map 232783872 bytes for G1 virtual space
# Possible reasons:
#   The system is out of physical RAM or swap space
#   The process is running with CompressedOops enabled, and the Java Heap may be blocking the growth of the native heap
# Possible solutions:
#   Reduce memory load on the system
#   Increase physical memory or swap space
#   Check if swap backing store is full
#   Decrease Java heap size (-Xmx/-Xms)
#   Decrease number of Java threads
#   Decrease Java thread stack sizes (-Xss)
#   Set larger code cache with -XX:ReservedCodeCacheSize=
#   JVM is running with Zero Based Compressed Oops mode in which the Java heap is
#     placed in the first 32GB address space. The Java Heap base address is the
#     maximum limit for the native heap growth. Please use -XX:HeapBaseMinAddress
#     to set the Java Heap base and to place the Java Heap above 32GB virtual address.
# This output file may be truncated or incomplete.
#
#  Out of Memory Error (os_windows.cpp:3466), pid=20168, tid=25120
#
# JRE version:  (16.0.2+7) (build )
# Java VM: OpenJDK 64-Bit Server VM (16.0.2+7-67, mixed mode, sharing, tiered, compressed oops, compressed class ptrs, g1 gc, windows-amd64)
# No core dump will be written. Minidumps are not enabled by default on client versions of Windows
#

---------------  S U M M A R Y ------------

Command Line: -Dfile.encoding=Cp1252 --module-path=C:\Users\Benjamin\Dropbox\Java\OOPProject\bin;C:\Users\Benjamin\.p2\pool\plugins\org.eclipse.fx.ide.css.jfx8_3.7.0.202010120832.jar;C:\Users\Benjamin\Desktop\Java Stuff\javafx-sdk-17.0.2\lib\javafx.base.jar;C:\Users\Benjamin\Desktop\Java Stuff\javafx-sdk-17.0.2\lib\javafx.controls.jar;C:\Users\Benjamin\Desktop\Java Stuff\javafx-sdk-17.0.2\lib\javafx.fxml.jar;C:\Users\Benjamin\Desktop\Java Stuff\javafx-sdk-17.0.2\lib\javafx.graphics.jar;C:\Users\Benjamin\Desktop\Java Stuff\javafx-sdk-17.0.2\lib\javafx.media.jar;C:\Users\Benjamin\Desktop\Java Stuff\javafx-sdk-17.0.2\lib\javafx.swing.jar;C:\Users\Benjamin\Desktop\Java Stuff\javafx-sdk-17.0.2\lib\javafx.web.jar;C:\Users\Benjamin\Desktop\Java Stuff\javafx-sdk-17.0.2\lib\javafx-swt.jar -XX:+ShowCodeDetailsInExceptionMessages -Djdk.module.main=OOPProject OOPProject/id319520425.Program

Host: AMD Ryzen 7 5800H with Radeon Graphics         , 16 cores, 13G,  Windows 10 , 64 bit Build 22000 (10.0.22000.434)
Time: Thu Mar 17 13:15:13 2022 Jerusalem Standard Time elapsed time: 0.007987 seconds (0d 0h 0m 0s)

---------------  T H R E A D  ---------------

Current thread (0x000002efd5a20bb0):  JavaThread "Unknown thread" [_thread_in_vm, id=25120, stack(0x000000f1ff000000,0x000000f1ff100000)]

Stack: [0x000000f1ff000000,0x000000f1ff100000]
Native frames: (J=compiled Java code, j=interpreted, Vv=VM code, C=native code)
V  [jvm.dll+0x6681ca]
V  [jvm.dll+0x7c9e69]
V  [jvm.dll+0x7cb61e]
V  [jvm.dll+0x7cbc73]
V  [jvm.dll+0x242c55]
V  [jvm.dll+0x664f89]
V  [jvm.dll+0x659b75]
V  [jvm.dll+0x2fbfbb]
V  [jvm.dll+0x3031b6]
V  [jvm.dll+0x35299e]
V  [jvm.dll+0x352bcf]
V  [jvm.dll+0x2d3028]
V  [jvm.dll+0x2d4264]
V  [jvm.dll+0x79c741]
V  [jvm.dll+0x360791]
V  [jvm.dll+0x77a3f0]
V  [jvm.dll+0x3e4e8f]
V  [jvm.dll+0x3e6961]
C  [jli.dll+0x52fb]
C  [ucrtbase.dll+0x26c0c]
C  [KERNEL32.DLL+0x154e0]
C  [ntdll.dll+0x485b]


---------------  P R O C E S S  ---------------

Threads class SMR info:
_java_thread_list=0x00007ffbc84dcbb8, length=0, elements={
}

Java Threads: ( => current thread )

Other Threads:
  0x000002efd5a6b600 GCTaskThread "GC Thread#0" [stack: 0x000000f1ff100000,0x000000f1ff200000] [id=27676]
  0x000002efd5a7aba0 ConcurrentGCThread "G1 Main Marker" [stack: 0x000000f1ff200000,0x000000f1ff300000] [id=33564]
  0x000002efd5a7b590 ConcurrentGCThread "G1 Conc#0" [stack: 0x000000f1ff300000,0x000000f1ff400000] [id=1040]

[error occurred during error reporting (printing all threads), id 0xc0000005, EXCEPTION_ACCESS_VIOLATION (0xc0000005) at pc=0x00007ffbc7cb3ee7]

VM state: not at safepoint (not fully initialized)

VM Mutex/Monitor currently owned by a thread:  ([mutex/lock_event])
[0x000002efd5a1cf30] Heap_lock - owner thread: 0x000002efd5a20bb0

Heap address: 0x0000000722400000, size: 3548 MB, Compressed Oops mode: Zero based, Oop shift amount: 3

CDS archive(s) mapped at: [0x0000000000000000-0x0000000000000000-0x0000000000000000), size 0, SharedBaseAddress: 0x0000000800000000, ArchiveRelocationMode: 0.
Narrow klass base: 0x0000000000000000, Narrow klass shift: 0, Narrow klass range: 0x0

GC Precious Log:
<Empty>

Heap:
 garbage-first heap   total 0K, used 0K [0x0000000722400000, 0x0000000800000000)
  region size 2048K, 0 young (0K), 0 survivors (0K)

[error occurred during error reporting (printing heap information), id 0xc0000005, EXCEPTION_ACCESS_VIOLATION (0xc0000005) at pc=0x00007ffbc8091eed]

GC Heap History (0 events):
No events

Deoptimization events (0 events):
No events

Classes unloaded (0 events):
No events

Classes redefined (0 events):
No events

Internal exceptions (0 events):
No events

Events (1 events):
Event: 0.005 Loaded shared library C:\Users\Benjamin\.p2\pool\plugins\org.eclipse.justj.openjdk.hotspot.jre.full.win32.x86_64_16.0.2.v20210721-1149\jre\bin\java.dll


Dynamic libraries:
0x00007ff653980000 - 0x00007ff65398e000 	C:\Users\Benjamin\.p2\pool\plugins\org.eclipse.justj.openjdk.hotspot.jre.full.win32.x86_64_16.0.2.v20210721-1149\jre\bin\javaw.exe
0x00007ffc65b60000 - 0x00007ffc65d69000 	C:\WINDOWS\SYSTEM32\ntdll.dll
0x00007ffc63ab0000 - 0x00007ffc63b6d000 	C:\WINDOWS\System32\KERNEL32.DLL
0x00007ffc634f0000 - 0x00007ffc63864000 	C:\WINDOWS\System32\KERNELBASE.dll
0x00007ffc63050000 - 0x00007ffc63161000 	C:\WINDOWS\System32\ucrtbase.dll
0x00007ffc5c7f0000 - 0x00007ffc5c808000 	C:\Users\Benjamin\.p2\pool\plugins\org.eclipse.justj.openjdk.hotspot.jre.full.win32.x86_64_16.0.2.v20210721-1149\jre\bin\jli.dll
0x00007ffc5c8b0000 - 0x00007ffc5c8c9000 	C:\Users\Benjamin\.p2\pool\plugins\org.eclipse.justj.openjdk.hotspot.jre.full.win32.x86_64_16.0.2.v20210721-1149\jre\bin\VCRUNTIME140.dll
0x00007ffc653b0000 - 0x00007ffc6555c000 	C:\WINDOWS\System32\USER32.dll
0x00007ffc63360000 - 0x00007ffc63386000 	C:\WINDOWS\System32\win32u.dll
0x00007ffc3dd50000 - 0x00007ffc3dff5000 	C:\WINDOWS\WinSxS\amd64_microsoft.windows.common-controls_6595b64144ccf1df_6.0.22000.120_none_9d947278b86cc467\COMCTL32.dll
0x00007ffc63c60000 - 0x00007ffc63c89000 	C:\WINDOWS\System32\GDI32.dll
0x00007ffc63a00000 - 0x00007ffc63aa3000 	C:\WINDOWS\System32\msvcrt.dll
0x00007ffc63870000 - 0x00007ffc63982000 	C:\WINDOWS\System32\gdi32full.dll
0x00007ffc63390000 - 0x00007ffc6342d000 	C:\WINDOWS\System32\msvcp_win.dll
0x00007ffc63e60000 - 0x00007ffc63e91000 	C:\WINDOWS\System32\IMM32.DLL
0x00007ffc5d3c0000 - 0x00007ffc5d3cc000 	C:\Users\Benjamin\.p2\pool\plugins\org.eclipse.justj.openjdk.hotspot.jre.full.win32.x86_64_16.0.2.v20210721-1149\jre\bin\vcruntime140_1.dll
0x00007ffc55b20000 - 0x00007ffc55bb1000 	C:\Users\Benjamin\.p2\pool\plugins\org.eclipse.justj.openjdk.hotspot.jre.full.win32.x86_64_16.0.2.v20210721-1149\jre\bin\msvcp140.dll
0x00007ffbc79d0000 - 0x00007ffbc857b000 	C:\Users\Benjamin\.p2\pool\plugins\org.eclipse.justj.openjdk.hotspot.jre.full.win32.x86_64_16.0.2.v20210721-1149\jre\bin\server\jvm.dll
0x00007ffc65110000 - 0x00007ffc651be000 	C:\WINDOWS\System32\ADVAPI32.dll
0x00007ffc65690000 - 0x00007ffc6572e000 	C:\WINDOWS\System32\sechost.dll
0x00007ffc63ea0000 - 0x00007ffc63fc0000 	C:\WINDOWS\System32\RPCRT4.dll
0x00007ffc65680000 - 0x00007ffc65688000 	C:\WINDOWS\System32\PSAPI.DLL
0x00007ffc5c730000 - 0x00007ffc5c763000 	C:\WINDOWS\SYSTEM32\WINMM.dll
0x00007ffc5d430000 - 0x00007ffc5d439000 	C:\WINDOWS\SYSTEM32\WSOCK32.dll
0x00007ffc5afc0000 - 0x00007ffc5afca000 	C:\WINDOWS\SYSTEM32\VERSION.dll
0x00007ffc657c0000 - 0x00007ffc6582f000 	C:\WINDOWS\System32\WS2_32.dll
0x00007ffc621c0000 - 0x00007ffc621d8000 	C:\WINDOWS\SYSTEM32\kernel.appcore.dll
0x00007ffc5c3c0000 - 0x00007ffc5c3ca000 	C:\Users\Benjamin\.p2\pool\plugins\org.eclipse.justj.openjdk.hotspot.jre.full.win32.x86_64_16.0.2.v20210721-1149\jre\bin\jimage.dll
0x00007ffc60600000 - 0x00007ffc60821000 	C:\WINDOWS\SYSTEM32\DBGHELP.DLL
0x00007ffc59640000 - 0x00007ffc59671000 	C:\WINDOWS\SYSTEM32\dbgcore.DLL
0x00007ffc63170000 - 0x00007ffc631ef000 	C:\WINDOWS\System32\bcryptPrimitives.dll
0x00007ffc51830000 - 0x00007ffc51855000 	C:\Users\Benjamin\.p2\pool\plugins\org.eclipse.justj.openjdk.hotspot.jre.full.win32.x86_64_16.0.2.v20210721-1149\jre\bin\java.dll

dbghelp: loaded successfully - version: 4.0.5 - missing functions: none
symbol engine: initialized successfully - sym options: 0x614 - pdb path: .;C:\Users\Benjamin\.p2\pool\plugins\org.eclipse.justj.openjdk.hotspot.jre.full.win32.x86_64_16.0.2.v20210721-1149\jre\bin;C:\WINDOWS\SYSTEM32;C:\WINDOWS\WinSxS\amd64_microsoft.windows.common-controls_6595b64144ccf1df_6.0.22000.120_none_9d947278b86cc467;C:\Users\Benjamin\.p2\pool\plugins\org.eclipse.justj.openjdk.hotspot.jre.full.win32.x86_64_16.0.2.v20210721-1149\jre\bin\server

VM Arguments:
jvm_args: -Dfile.encoding=Cp1252 --module-path=C:\Users\Benjamin\Dropbox\Java\OOPProject\bin;C:\Users\Benjamin\.p2\pool\plugins\org.eclipse.fx.ide.css.jfx8_3.7.0.202010120832.jar;C:\Users\Benjamin\Desktop\Java Stuff\javafx-sdk-17.0.2\lib\javafx.base.jar;C:\Users\Benjamin\Desktop\Java Stuff\javafx-sdk-17.0.2\lib\javafx.controls.jar;C:\Users\Benjamin\Desktop\Java Stuff\javafx-sdk-17.0.2\lib\javafx.fxml.jar;C:\Users\Benjamin\Desktop\Java Stuff\javafx-sdk-17.0.2\lib\javafx.graphics.jar;C:\Users\Benjamin\Desktop\Java Stuff\javafx-sdk-17.0.2\lib\javafx.media.jar;C:\Users\Benjamin\Desktop\Java Stuff\javafx-sdk-17.0.2\lib\javafx.swing.jar;C:\Users\Benjamin\Desktop\Java Stuff\javafx-sdk-17.0.2\lib\javafx.web.jar;C:\Users\Benjamin\Desktop\Java Stuff\javafx-sdk-17.0.2\lib\javafx-swt.jar -XX:+ShowCodeDetailsInExceptionMessages -Djdk.module.main=OOPProject 
java_command: OOPProject/id319520425.Program
java_class_path (initial): <not set>
Launcher Type: SUN_STANDARD

[Global flags]
     intx CICompilerCount                          = 12                                        {product} {ergonomic}
     uint ConcGCThreads                            = 3                                         {product} {ergonomic}
     uint G1ConcRefinementThreads                  = 13                                        {product} {ergonomic}
   size_t G1HeapRegionSize                         = 2097152                                   {product} {ergonomic}
    uintx GCDrainStackTargetSize                   = 64                                        {product} {ergonomic}
   size_t InitialHeapSize                          = 232783872                                 {product} {ergonomic}
   size_t MarkStackSize                            = 4194304                                   {product} {ergonomic}
   size_t MaxHeapSize                              = 3720347648                                {product} {ergonomic}
   size_t MinHeapDeltaBytes                        = 2097152                                   {product} {ergonomic}
   size_t MinHeapSize                              = 8388608                                   {product} {ergonomic}
    uintx NonNMethodCodeHeapSize                   = 7602480                                {pd product} {ergonomic}
    uintx NonProfiledCodeHeapSize                  = 122027880                              {pd product} {ergonomic}
    uintx ProfiledCodeHeapSize                     = 122027880                              {pd product} {ergonomic}
    uintx ReservedCodeCacheSize                    = 251658240                              {pd product} {ergonomic}
     bool SegmentedCodeCache                       = true                                      {product} {ergonomic}
     bool ShowCodeDetailsInExceptionMessages       = true                                   {manageable} {command line}
   size_t SoftMaxHeapSize                          = 3720347648                             {manageable} {ergonomic}
     bool UseCompressedClassPointers               = true                           {product lp64_product} {ergonomic}
     bool UseCompressedOops                        = true                           {product lp64_product} {ergonomic}
     bool UseG1GC                                  = true                                      {product} {ergonomic}
     bool UseLargePagesIndividualAllocation        = false                                  {pd product} {ergonomic}

Logging:
Log output configuration:
 #0: stdout all=warning uptime,level,tags
 #1: stderr all=off uptime,level,tags

Environment Variables:
PATH=C:/Users/Benjamin/.p2/pool/plugins/org.eclipse.justj.openjdk.hotspot.jre.full.win32.x86_64_16.0.2.v20210721-1149/jre/bin/server;C:/Users/Benjamin/.p2/pool/plugins/org.eclipse.justj.openjdk.hotspot.jre.full.win32.x86_64_16.0.2.v20210721-1149/jre/bin;C:\Program Files (x86)\VMware\VMware Player\bin\;C:\Program Files\Eclipse Foundation\jdk-11.0.12.7-hotspot\bin;C:\Program Files (x86)\Common Files\Oracle\Java\javapath;C:\Windows\system32;C:\Windows;C:\Windows\System32\Wbem;C:\Windows\System32\WindowsPowerShell\v1.0\;C:\Windows\System32\OpenSSH\;C:\Program Files\NVIDIA Corporation\NVIDIA NvDLISR;C:\Program Files (x86)\NVIDIA Corporation\PhysX\Common;C:\Program Files\dotnet\;C:\Program Files\RedHat\java-11-openjdk-jre-11.0.12-1\bin;C:\WINDOWS\system32;C:\WINDOWS;C:\WINDOWS\System32\Wbem;C:\WINDOWS\System32\WindowsPowerShell\v1.0\;C:\WINDOWS\System32\OpenSSH\;C:\Program Files\Git\cmd;C:\Users\Benjamin\AppData\Local\Programs\Python\Python39\Scripts\;C:\Users\Benjamin\AppData\Local\Programs\Python\Python39\;C:\Users\Benjamin\AppData\Local\Microsoft\WindowsApps;C:\Users\Benjamin\AppData\Local\Programs\Microsoft VS Code\bin;C:\Program Files\JetBrains\IntelliJ IDEA 2021.2.3\bin;;C:\Users\Benjamin\AppData\Local\GitHubDesktop\bin;C:\WINDOWS\System32;
USERNAME=Benjamin
OS=Windows_NT
PROCESSOR_IDENTIFIER=AMD64 Family 25 Model 80 Stepping 0, AuthenticAMD



---------------  S Y S T E M  ---------------

OS:
 Windows 10 , 64 bit Build 22000 (10.0.22000.434)
OS uptime: 1 days 13:57 hours

CPU: total 16 (initial active 16) (16 cores per cpu, 2 threads per core) family 25 model 80 stepping 0 microcode 0x0, cx8, cmov, fxsr, ht, mmx, 3dnowpref, sse, sse2, sse3, ssse3, sse4a, sse4.1, sse4.2, popcnt, lzcnt, tsc, tscinvbit, avx, avx2, aes, erms, clmul, bmi1, bmi2, adx, sha, fma, vzeroupper, clflush, clflushopt

Memory: 4k page, system-wide physical 14188M (4224M free)
TotalPageFile size 57196M (AvailPageFile size 42M)
current process WorkingSet (physical memory assigned to process): 10M, peak: 10M
current process commit charge ("private bytes"): 70M, peak: 292M

vm_info: OpenJDK 64-Bit Server VM (16.0.2+7-67) for windows-amd64 JRE (16.0.2+7-67), built on Jun  8 2021 23:21:43 by "mach5one" with MS VC++ 16.7 (VS2019)

END.
